<?xml version="1.0" encoding="UTF-8"?>
<!-- Generated by org.testng.reporters.JUnitXMLReporter -->
<testsuite hostname="JASIMs-PC" ignored="2" name="Test(failed)" tests="1" failures="1" timestamp="11 Feb 2021 07:06:26 GMT" time="6.35" errors="0">
  <testcase name="test1" time="1.623" classname="org.parameters.Facebook">
    <failure type="java.lang.NullPointerException">
      <![CDATA[java.lang.NullPointerException
at org.sample.BaseClass.fillTextBox(BaseClass.java:52)
at org.parameters.Facebook.test1(Facebook.java:37)
... Removed 25 stack frames]]>
    </failure>
  </testcase> <!-- test1 -->
  <testcase name="test3" time="0.0" classname="org.parameters.Facebook">
    <ignored/>
  </testcase> <!-- test3 -->
  <testcase name="test2" time="0.0" classname="org.parameters.Facebook">
    <ignored/>
  </testcase> <!-- test2 -->
</testsuite> <!-- Test(failed) -->
